<?xml version="1.0" encoding="UTF-8"?>
<testsuite xmlns:xsi="http://www.w3.org/2001/XMLSchema-instance" xsi:noNamespaceSchemaLocation="https://maven.apache.org/surefire/maven-surefire-plugin/xsd/surefire-test-report-3.0.xsd" version="3.0" name="br.com.unesp.reserva.AreaRepositoryTest" time="5.568" tests="1" errors="0" skipped="0" failures="0">
  <properties>
[...]
</properties>
  <testcase name="testPersistArea" classname="br.com.unesp.reserva.AreaRepositoryTest" time="0.8">
    <system-out><![CDATA[21:42:22.396 [main] INFO org.springframework.test.context.support.AnnotationConfigContextLoaderUtils -- Could not detect default configuration classes for test class [br.com.unesp.reserva.AreaRepositoryTest]: AreaRepositoryTest does not declare any static, non-private, non-final, nested classes annotated with @Configuration.
21:42:22.574 [main] INFO org.springframework.boot.test.context.SpringBootTestContextBootstrapper -- Found @SpringBootConfiguration br.com.unesp.reserva.ReservaApplication for test class br.com.unesp.reserva.AreaRepositoryTest
21:42:22.741 [main] INFO org.springframework.boot.devtools.restart.RestartApplicationListener -- Restart disabled due to context in which it is running

  .   ____          _            __ _ _
 /\\ / ___'_ __ _ _(_)_ __  __ _ \ \ \ \
( ( )\___ | '_ | '_| | '_ \/ _` | \ \ \ \
 \\/  ___)| |_)| | | | | || (_| |  ) ) ) )
  '  |____| .__|_| |_|_| |_\__, | / / / /
 =========|_|==============|___/=/_/_/_/

 :: Spring Boot ::                (v3.3.4)

2024-10-09T21:42:23.203-03:00  INFO 12848 --- [reserva] [           main] b.com.unesp.reserva.AreaRepositoryTest   : Starting AreaRepositoryTest using Java 20 with PID 12848 (started by Carlo in D:\Mestrado\Arquitetura de software\reserva)
2024-10-09T21:42:23.203-03:00  INFO 12848 --- [reserva] [           main] b.com.unesp.reserva.AreaRepositoryTest   : No active profile set, falling back to 1 default profile: "default"
2024-10-09T21:42:23.840-03:00  INFO 12848 --- [reserva] [           main] .s.d.r.c.RepositoryConfigurationDelegate : Bootstrapping Spring Data JPA repositories in DEFAULT mode.
2024-10-09T21:42:23.931-03:00  INFO 12848 --- [reserva] [           main] .s.d.r.c.RepositoryConfigurationDelegate : Finished Spring Data repository scanning in 79 ms. Found 3 JPA repository interfaces.
2024-10-09T21:42:24.020-03:00  INFO 12848 --- [reserva] [           main] beddedDataSourceBeanFactoryPostProcessor : Replacing 'dataSource' DataSource bean with embedded version
2024-10-09T21:42:24.362-03:00  INFO 12848 --- [reserva] [           main] o.s.j.d.e.EmbeddedDatabaseFactory        : Starting embedded database: url='jdbc:h2:mem:e526f80c-9360-4985-90c2-5c2de0063567;DB_CLOSE_DELAY=-1;DB_CLOSE_ON_EXIT=false', username='sa'
2024-10-09T21:42:24.746-03:00  INFO 12848 --- [reserva] [           main] o.hibernate.jpa.internal.util.LogHelper  : HHH000204: Processing PersistenceUnitInfo [name: default]
2024-10-09T21:42:24.825-03:00  INFO 12848 --- [reserva] [           main] org.hibernate.Version                    : HHH000412: Hibernate ORM core version 6.5.3.Final
2024-10-09T21:42:24.868-03:00  INFO 12848 --- [reserva] [           main] o.h.c.internal.RegionFactoryInitiator    : HHH000026: Second-level cache disabled
2024-10-09T21:42:25.236-03:00  INFO 12848 --- [reserva] [           main] o.s.o.j.p.SpringPersistenceUnitInfo      : No LoadTimeWeaver setup: ignoring JPA class transformer
2024-10-09T21:42:26.336-03:00  INFO 12848 --- [reserva] [           main] o.h.e.t.j.p.i.JtaPlatformInitiator       : HHH000489: No JTA platform available (set 'hibernate.transaction.jta.platform' to enable JTA platform integration)
Hibernate: 
    drop table if exists area cascade 
Hibernate: 
    drop table if exists morador cascade 
Hibernate: 
    drop table if exists reserva cascade 
Hibernate: 
    create table area (
        id integer generated by default as identity,
        tamanho_metro_quadrado integer,
        utilizavel boolean not null,
        descricao varchar(255),
        nome varchar(255),
        primary key (id)
    )
Hibernate: 
    create table morador (
        id_morador integer generated by default as identity,
        morador_tipo enum ('LOCATARIO','OUTRO','PROPRIETARIO'),
        primary key (id_morador)
    )
Hibernate: 
    create table reserva (
        ativa boolean not null,
        id integer generated by default as identity,
        id_area integer,
        id_morador integer,
        data_fim timestamp(6),
        data_inicio timestamp(6),
        descricao varchar(255),
        status enum ('CANCELADA','CONCLUIDA','CONFIRMADA','EM_ESPERA','PENDENTE','REJEITADA'),
        primary key (id)
    )
Hibernate: insert into area (id, nome, descricao, tamanho_metro_quadrado, utilizavel) values (11, 'Carlos', 'desc', 25, true)
Hibernate: insert into area (id, nome, descricao, tamanho_metro_quadrado, utilizavel) values (12, 'Maria', 'desc', 15, true)
Hibernate: insert into area (id, nome, descricao, tamanho_metro_quadrado, utilizavel) values (13, 'Jose', 'desc', 10, false)
2024-10-09T21:42:26.387-03:00  INFO 12848 --- [reserva] [           main] j.LocalContainerEntityManagerFactoryBean : Initialized JPA EntityManagerFactory for persistence unit 'default'
2024-10-09T21:42:26.840-03:00  INFO 12848 --- [reserva] [           main] b.com.unesp.reserva.AreaRepositoryTest   : Started AreaRepositoryTest in 4.121 seconds (process running for 5.664)
Hibernate: 
    insert 
    into
        area
        (descricao, nome, tamanho_metro_quadrado, utilizavel, id) 
    values
        (?, ?, ?, ?, default)
Hibernate: 
    select
        a1_0.id,
        a1_0.descricao,
        a1_0.nome,
        a1_0.tamanho_metro_quadrado,
        a1_0.utilizavel 
    from
        area a1_0 
    where
        a1_0.id=?
]]></system-out>
  </testcase>
</testsuite>